TN:
SF:scooterhiremain/chargingstnClass.js
FN:6,(anonymous_0)
FN:18,(anonymous_1)
FN:38,(anonymous_2)
FN:42,(anonymous_3)
FN:50,(anonymous_4)
FN:51,(anonymous_5)
FN:57,(anonymous_6)
FN:69,(anonymous_7)
FNF:8
FNH:1
FNDA:2,(anonymous_0)
FNDA:0,(anonymous_1)
FNDA:0,(anonymous_2)
FNDA:0,(anonymous_3)
FNDA:0,(anonymous_4)
FNDA:0,(anonymous_5)
FNDA:0,(anonymous_6)
FNDA:0,(anonymous_7)
DA:1,1
DA:2,1
DA:7,2
DA:8,2
DA:11,2
DA:12,1
DA:14,1
DA:15,1
DA:19,0
DA:20,0
DA:21,0
DA:22,0
DA:23,0
DA:24,0
DA:25,0
DA:26,0
DA:29,0
DA:35,0
DA:39,0
DA:40,0
DA:41,0
DA:42,0
DA:43,0
DA:44,0
DA:46,0
DA:47,0
DA:51,0
DA:52,0
DA:53,0
DA:54,0
DA:58,0
DA:59,0
DA:60,0
DA:61,0
DA:62,0
DA:63,0
DA:66,0
DA:70,0
DA:71,0
DA:72,0
DA:78,1
LF:41
LH:9
BRDA:11,0,0,1
BRDA:11,0,1,1
BRDA:14,1,0,1
BRDA:14,1,1,0
BRDA:19,2,0,0
BRDA:19,2,1,0
BRDA:20,3,0,0
BRDA:20,3,1,0
BRDA:58,4,0,0
BRDA:58,4,1,0
BRF:10
BRH:3
end_of_record
TN:
SF:scooterhiremain/customerClass.js
FN:5,(anonymous_0)
FN:42,(anonymous_1)
FN:52,(anonymous_2)
FNF:3
FNH:1
FNDA:7,(anonymous_0)
FNDA:0,(anonymous_1)
FNDA:0,(anonymous_2)
DA:1,2
DA:4,2
DA:6,7
DA:7,7
DA:8,7
DA:9,7
DA:10,7
DA:11,7
DA:12,7
DA:15,7
DA:16,1
DA:18,6
DA:19,1
DA:22,5
DA:23,1
DA:25,4
DA:26,1
DA:28,3
DA:29,1
DA:32,2
DA:33,1
DA:36,1
DA:37,0
DA:43,0
DA:44,0
DA:45,0
DA:46,0
DA:49,0
DA:53,0
DA:54,0
DA:55,0
DA:60,2
LF:32
LH:23
BRDA:15,0,0,1
BRDA:15,0,1,6
BRDA:18,1,0,1
BRDA:18,1,1,5
BRDA:22,2,0,1
BRDA:22,2,1,4
BRDA:25,3,0,1
BRDA:25,3,1,3
BRDA:28,4,0,1
BRDA:28,4,1,2
BRDA:32,5,0,1
BRDA:32,5,1,1
BRDA:36,6,0,0
BRDA:36,6,1,1
BRDA:43,7,0,0
BRDA:43,7,1,0
BRF:16
BRH:13
end_of_record
TN:
SF:scooterhiremain/scooterClass.js
FN:2,(anonymous_0)
FNF:1
FNH:1
FNDA:5,(anonymous_0)
DA:3,5
DA:4,5
DA:5,5
DA:6,5
DA:8,5
DA:9,1
DA:11,4
DA:12,1
DA:17,3
LF:9
LH:9
BRDA:8,0,0,1
BRDA:8,0,1,4
BRDA:11,1,0,1
BRDA:11,1,1,3
BRF:4
BRH:4
end_of_record
